  kmeans.cpp
C:\Users\matus\Documents\skola\vsb\1 sem ing\PA 1\semestralka\cpp\kmeans\kmeans\Cluster.cpp(60,21): warning C4018: '<': signed/unsigned mismatch
C:\Users\matus\Documents\skola\vsb\1 sem ing\PA 1\semestralka\cpp\kmeans\kmeans\kmeans.cpp(59,16): warning C4018: '<': signed/unsigned mismatch
C:\Users\matus\Documents\skola\vsb\1 sem ing\PA 1\semestralka\cpp\kmeans\kmeans\kmeans.cpp(64,17): warning C4018: '<': signed/unsigned mismatch
C:\Users\matus\Documents\skola\vsb\1 sem ing\PA 1\semestralka\cpp\kmeans\kmeans\kmeans.cpp(105,21): warning C4018: '<': signed/unsigned mismatch
C:\Users\matus\Documents\skola\vsb\1 sem ing\PA 1\semestralka\cpp\kmeans\kmeans\kmeans.cpp(118,21): warning C4018: '<': signed/unsigned mismatch
C:\Program Files (x86)\Microsoft Visual Studio\2019\Community\VC\Tools\MSVC\14.28.29910\include\numeric(35,26): warning C4244: '=': conversion from '__int64' to '_Ty', possible loss of data
          with
          [
              _Ty=int
          ]
C:\Program Files (x86)\Microsoft Visual Studio\2019\Community\VC\Tools\MSVC\14.28.29910\include\numeric(44): message : see reference to function template instantiation '_Ty std::accumulate<_InIt,_Ty,std::plus<void>>(const _InIt,const _InIt,_Ty,_Fn)' being compiled
          with
          [
              _Ty=int,
              _InIt=std::_Vector_iterator<std::_Vector_val<std::_Simple_types<__int64>>>,
              _Fn=std::plus<void>
          ]
C:\Users\matus\Documents\skola\vsb\1 sem ing\PA 1\semestralka\cpp\kmeans\kmeans\kmeans.cpp(128): message : see reference to function template instantiation '_Ty std::accumulate<std::_Vector_iterator<std::_Vector_val<std::_Simple_types<__int64>>>,int>(const _InIt,const _InIt,_Ty)' being compiled
          with
          [
              _Ty=int,
              _InIt=std::_Vector_iterator<std::_Vector_val<std::_Simple_types<__int64>>>
          ]
  kmeans.vcxproj -> C:\Users\matus\Documents\skola\vsb\1 sem ing\PA 1\semestralka\cpp\kmeans\Debug\kmeans.exe
